<?xml version="1.0" encoding="UTF-8"?>
<testng-results ignored="0" total="1" passed="1" failed="0" skipped="0">
  <reporter-output>
  </reporter-output>
  <suite started-at="2024-11-25T07:18:31 GMT-08:00" name="Default suite" finished-at="2024-11-25T07:18:35 GMT-08:00" duration-ms="3834">
    <groups>
      <group name="cucumber">
        <method signature="AbstractTestNGCucumberTests.runScenario(io.cucumber.testng.PickleWrapper,io.cucumber.testng.FeatureWrapper)[pri:0, instance:TestRunner.CucumberTestRunner@707194ba]" name="runScenario" class="io.cucumber.testng.AbstractTestNGCucumberTests"/>
      </group> <!-- cucumber -->
    </groups>
    <test started-at="2024-11-25T07:18:31 GMT-08:00" name="Default test" finished-at="2024-11-25T07:18:35 GMT-08:00" duration-ms="3834">
      <class name="TestRunner.CucumberTestRunner">
        <test-method is-config="true" signature="setUpClass(org.testng.ITestContext)[pri:0, instance:TestRunner.CucumberTestRunner@707194ba]" started-at="2024-11-25T07:18:31 GMT-08:00" name="setUpClass" finished-at="2024-11-25T07:18:32 GMT-08:00" duration-ms="479" status="PASS">
          <params>
            <param index="0">
              <value>
                <![CDATA[org.testng.TestRunner@33364212]]>
              </value>
            </param>
          </params>
          <reporter-output>
          </reporter-output>
        </test-method> <!-- setUpClass -->
        <test-method signature="runScenario(io.cucumber.testng.PickleWrapper,io.cucumber.testng.FeatureWrapper)[pri:0, instance:TestRunner.CucumberTestRunner@707194ba]" started-at="2024-11-25T07:18:32 GMT-08:00" name="runScenario" description="Runs Cucumber Scenarios" data-provider="scenarios" finished-at="2024-11-25T07:18:35 GMT-08:00" duration-ms="3287" status="PASS">
          <params>
            <param index="0">
              <value>
                <![CDATA["Check successful login"]]>
              </value>
            </param>
            <param index="1">
              <value>
                <![CDATA["Login Page Automation Demo"]]>
              </value>
            </param>
          </params>
          <reporter-output>
          </reporter-output>
        </test-method> <!-- runScenario -->
        <test-method is-config="true" signature="tearDownClass()[pri:0, instance:TestRunner.CucumberTestRunner@707194ba]" started-at="2024-11-25T07:18:35 GMT-08:00" name="tearDownClass" finished-at="2024-11-25T07:18:35 GMT-08:00" duration-ms="23" status="PASS">
          <reporter-output>
          </reporter-output>
        </test-method> <!-- tearDownClass -->
      </class> <!-- TestRunner.CucumberTestRunner -->
    </test> <!-- Default test -->
  </suite> <!-- Default suite -->
</testng-results>
